<?xml version="1.0" encoding="UTF-8"?>
<testng-results skipped="0" failed="0" ignored="0" total="1" passed="1">
  <reporter-output>
  </reporter-output>
  <suite name="mstest" duration-ms="1662" started-at="2021-08-25T18:28:30 GMT+08:00" finished-at="2021-08-25T18:28:32 GMT+08:00">
    <groups>
    </groups>
    <test name="usertest" duration-ms="1662" started-at="2021-08-25T18:28:30 GMT+08:00" finished-at="2021-08-25T18:28:32 GMT+08:00">
      <class name="com.Cases.UserTest">
        <test-method status="PASS" signature="setUp()[pri:0, instance:com.Cases.UserTest@2d6eabae]" name="setUp" is-config="true" duration-ms="1099" started-at="2021-08-25T18:28:30 GMT+08:00" finished-at="2021-08-25T18:28:31 GMT+08:00">
          <reporter-output>
          </reporter-output>
        </test-method> <!-- setUp -->
        <test-method status="PASS" signature="beforeclass()[pri:0, instance:com.Cases.UserTest@2d6eabae]" name="beforeclass" is-config="true" duration-ms="4" started-at="2021-08-25T18:28:31 GMT+08:00" finished-at="2021-08-25T18:28:31 GMT+08:00">
          <reporter-output>
          </reporter-output>
        </test-method> <!-- beforeclass -->
        <test-method status="PASS" signature="userGetTest()[pri:0, instance:com.Cases.UserTest@2d6eabae]" name="userGetTest" duration-ms="539" started-at="2021-08-25T18:28:31 GMT+08:00" finished-at="2021-08-25T18:28:32 GMT+08:00">
          <reporter-output>
          </reporter-output>
        </test-method> <!-- userGetTest -->
      </class> <!-- com.Cases.UserTest -->
    </test> <!-- usertest -->
  </suite> <!-- mstest -->
</testng-results>
